Determining if the pthread_create exist failed with the following output:
Change Dir: /home/irvinghe/TD3Nav/DRL-robot-navigation/catkin_ws/build_isolated/velodyne_gazebo_plugins/CMakeFiles/CMakeTmp

Run Build Command:"/usr/bin/make" "cmTC_30e0b/fast"
/usr/bin/make -f CMakeFiles/cmTC_30e0b.dir/build.make CMakeFiles/cmTC_30e0b.dir/build
make[1]: 进入目录“/home/irvinghe/TD3Nav/DRL-robot-navigation/catkin_ws/build_isolated/velodyne_gazebo_plugins/CMakeFiles/CMakeTmp”
Building C object CMakeFiles/cmTC_30e0b.dir/CheckSymbolExists.c.o
/usr/bin/cc    -o CMakeFiles/cmTC_30e0b.dir/CheckSymbolExists.c.o   -c /home/irvinghe/TD3Nav/DRL-robot-navigation/catkin_ws/build_isolated/velodyne_gazebo_plugins/CMakeFiles/CMakeTmp/CheckSymbolExists.c
Linking C executable cmTC_30e0b
/usr/bin/cmake -E cmake_link_script CMakeFiles/cmTC_30e0b.dir/link.txt --verbose=1
/usr/bin/cc      -rdynamic CMakeFiles/cmTC_30e0b.dir/CheckSymbolExists.c.o  -o cmTC_30e0b 
CMakeFiles/cmTC_30e0b.dir/CheckSymbolExists.c.o：在函数‘main’中：
CheckSymbolExists.c:(.text+0x1b)：对‘pthread_create’未定义的引用
collect2: error: ld returned 1 exit status
CMakeFiles/cmTC_30e0b.dir/build.make:97: recipe for target 'cmTC_30e0b' failed
make[1]: *** [cmTC_30e0b] Error 1
make[1]: 离开目录“/home/irvinghe/TD3Nav/DRL-robot-navigation/catkin_ws/build_isolated/velodyne_gazebo_plugins/CMakeFiles/CMakeTmp”
Makefile:126: recipe for target 'cmTC_30e0b/fast' failed
make: *** [cmTC_30e0b/fast] Error 2

File /home/irvinghe/TD3Nav/DRL-robot-navigation/catkin_ws/build_isolated/velodyne_gazebo_plugins/CMakeFiles/CMakeTmp/CheckSymbolExists.c:
/* */
#include <pthread.h>

int main(int argc, char** argv)
{
  (void)argv;
#ifndef pthread_create
  return ((int*)(&pthread_create))[argc];
#else
  (void)argc;
  return 0;
#endif
}

Determining if the function pthread_create exists in the pthreads failed with the following output:
Change Dir: /home/irvinghe/TD3Nav/DRL-robot-navigation/catkin_ws/build_isolated/velodyne_gazebo_plugins/CMakeFiles/CMakeTmp

Run Build Command:"/usr/bin/make" "cmTC_a2444/fast"
/usr/bin/make -f CMakeFiles/cmTC_a2444.dir/build.make CMakeFiles/cmTC_a2444.dir/build
make[1]: 进入目录“/home/irvinghe/TD3Nav/DRL-robot-navigation/catkin_ws/build_isolated/velodyne_gazebo_plugins/CMakeFiles/CMakeTmp”
Building C object CMakeFiles/cmTC_a2444.dir/CheckFunctionExists.c.o
/usr/bin/cc   -DCHECK_FUNCTION_EXISTS=pthread_create   -o CMakeFiles/cmTC_a2444.dir/CheckFunctionExists.c.o   -c /usr/share/cmake-3.10/Modules/CheckFunctionExists.c
Linking C executable cmTC_a2444
/usr/bin/cmake -E cmake_link_script CMakeFiles/cmTC_a2444.dir/link.txt --verbose=1
/usr/bin/cc  -DCHECK_FUNCTION_EXISTS=pthread_create    -rdynamic CMakeFiles/cmTC_a2444.dir/CheckFunctionExists.c.o  -o cmTC_a2444 -lpthreads 
/usr/bin/ld: 找不到 -lpthreads
collect2: error: ld returned 1 exit status
CMakeFiles/cmTC_a2444.dir/build.make:97: recipe for target 'cmTC_a2444' failed
make[1]: *** [cmTC_a2444] Error 1
make[1]: 离开目录“/home/irvinghe/TD3Nav/DRL-robot-navigation/catkin_ws/build_isolated/velodyne_gazebo_plugins/CMakeFiles/CMakeTmp”
Makefile:126: recipe for target 'cmTC_a2444/fast' failed
make: *** [cmTC_a2444/fast] Error 2


